<?xml version="1.0" encoding="UTF-8"?>
<testsuite xmlns:xsi="http://www.w3.org/2001/XMLSchema-instance" xsi:noNamespaceSchemaLocation="https://maven.apache.org/surefire/maven-surefire-plugin/xsd/surefire-test-report-3.0.xsd" version="3.0" name="TestSuite" time="301.805" tests="6" errors="0" skipped="0" failures="0">
  <properties>
    <property name="sun.desktop" value="gnome"/>
    <property name="awt.toolkit" value="sun.awt.X11.XToolkit"/>
    <property name="file.encoding.pkg" value="sun.io"/>
    <property name="java.specification.version" value="1.8"/>
    <property name="webdriver.chrome.driver" value="src/test/resources/Download/chromedriver"/>
    <property name="sun.cpu.isalist" value=""/>
    <property name="sun.jnu.encoding" value="UTF-8"/>
    <property name="java.class.path" value="/home/preyas.r@ah.zymrinc.com/Desktop/preyas/Cucumber_project_TestNG-master/target/test-classes:/home/preyas.r@ah.zymrinc.com/Desktop/preyas/Cucumber_project_TestNG-master/target/classes:/home/preyas.r@ah.zymrinc.com/.m2/repository/io/cucumber/cucumber-java/7.2.3/cucumber-java-7.2.3.jar:/home/preyas.r@ah.zymrinc.com/.m2/repository/io/cucumber/cucumber-core/7.2.3/cucumber-core-7.2.3.jar:/home/preyas.r@ah.zymrinc.com/.m2/repository/io/cucumber/cucumber-gherkin/7.2.3/cucumber-gherkin-7.2.3.jar:/home/preyas.r@ah.zymrinc.com/.m2/repository/io/cucumber/cucumber-gherkin-messages/7.2.3/cucumber-gherkin-messages-7.2.3.jar:/home/preyas.r@ah.zymrinc.com/.m2/repository/io/cucumber/messages/17.1.1/messages-17.1.1.jar:/home/preyas.r@ah.zymrinc.com/.m2/repository/io/cucumber/tag-expressions/4.1.0/tag-expressions-4.1.0.jar:/home/preyas.r@ah.zymrinc.com/.m2/repository/io/cucumber/cucumber-expressions/15.0.1/cucumber-expressions-15.0.1.jar:/home/preyas.r@ah.zymrinc.com/.m2/repository/io/cucumber/datatable/7.2.3/datatable-7.2.3.jar:/home/preyas.r@ah.zymrinc.com/.m2/repository/io/cucumber/cucumber-plugin/7.2.3/cucumber-plugin-7.2.3.jar:/home/preyas.r@ah.zymrinc.com/.m2/repository/io/cucumber/docstring/7.2.3/docstring-7.2.3.jar:/home/preyas.r@ah.zymrinc.com/.m2/repository/io/cucumber/html-formatter/17.0.0/html-formatter-17.0.0.jar:/home/preyas.r@ah.zymrinc.com/.m2/repository/io/cucumber/ci-environment/8.1.0/ci-environment-8.1.0.jar:/home/preyas.r@ah.zymrinc.com/.m2/repository/org/apiguardian/apiguardian-api/1.1.2/apiguardian-api-1.1.2.jar:/home/preyas.r@ah.zymrinc.com/.m2/repository/junit/junit/4.13.2/junit-4.13.2.jar:/home/preyas.r@ah.zymrinc.com/.m2/repository/org/hamcrest/hamcrest-core/1.3/hamcrest-core-1.3.jar:/home/preyas.r@ah.zymrinc.com/.m2/repository/io/cucumber/cucumber-junit/7.2.3/cucumber-junit-7.2.3.jar:/home/preyas.r@ah.zymrinc.com/.m2/repository/org/seleniumhq/selenium/selenium-java/4.1.3/selenium-java-4.1.3.jar:/home/preyas.r@ah.zymrinc.com/.m2/repository/org/seleniumhq/selenium/selenium-api/4.1.3/selenium-api-4.1.3.jar:/home/preyas.r@ah.zymrinc.com/.m2/repository/org/seleniumhq/selenium/selenium-chrome-driver/4.1.3/selenium-chrome-driver-4.1.3.jar:/home/preyas.r@ah.zymrinc.com/.m2/repository/com/google/auto/service/auto-service-annotations/1.0.1/auto-service-annotations-1.0.1.jar:/home/preyas.r@ah.zymrinc.com/.m2/repository/com/google/auto/service/auto-service/1.0.1/auto-service-1.0.1.jar:/home/preyas.r@ah.zymrinc.com/.m2/repository/com/google/auto/auto-common/1.2/auto-common-1.2.jar:/home/preyas.r@ah.zymrinc.com/.m2/repository/com/google/guava/guava/31.1-jre/guava-31.1-jre.jar:/home/preyas.r@ah.zymrinc.com/.m2/repository/com/google/guava/failureaccess/1.0.1/failureaccess-1.0.1.jar:/home/preyas.r@ah.zymrinc.com/.m2/repository/com/google/guava/listenablefuture/9999.0-empty-to-avoid-conflict-with-guava/listenablefuture-9999.0-empty-to-avoid-conflict-with-guava.jar:/home/preyas.r@ah.zymrinc.com/.m2/repository/com/google/code/findbugs/jsr305/3.0.2/jsr305-3.0.2.jar:/home/preyas.r@ah.zymrinc.com/.m2/repository/org/checkerframework/checker-qual/3.12.0/checker-qual-3.12.0.jar:/home/preyas.r@ah.zymrinc.com/.m2/repository/com/google/errorprone/error_prone_annotations/2.11.0/error_prone_annotations-2.11.0.jar:/home/preyas.r@ah.zymrinc.com/.m2/repository/com/google/j2objc/j2objc-annotations/1.3/j2objc-annotations-1.3.jar:/home/preyas.r@ah.zymrinc.com/.m2/repository/org/seleniumhq/selenium/selenium-chromium-driver/4.1.3/selenium-chromium-driver-4.1.3.jar:/home/preyas.r@ah.zymrinc.com/.m2/repository/org/seleniumhq/selenium/selenium-json/4.1.3/selenium-json-4.1.3.jar:/home/preyas.r@ah.zymrinc.com/.m2/repository/org/seleniumhq/selenium/selenium-devtools-v85/4.1.3/selenium-devtools-v85-4.1.3.jar:/home/preyas.r@ah.zymrinc.com/.m2/repository/org/seleniumhq/selenium/selenium-devtools-v97/4.1.3/selenium-devtools-v97-4.1.3.jar:/home/preyas.r@ah.zymrinc.com/.m2/repository/org/seleniumhq/selenium/selenium-devtools-v98/4.1.3/selenium-devtools-v98-4.1.3.jar:/home/preyas.r@ah.zymrinc.com/.m2/repository/org/seleniumhq/selenium/selenium-devtools-v99/4.1.3/selenium-devtools-v99-4.1.3.jar:/home/preyas.r@ah.zymrinc.com/.m2/repository/org/seleniumhq/selenium/selenium-edge-driver/4.1.3/selenium-edge-driver-4.1.3.jar:/home/preyas.r@ah.zymrinc.com/.m2/repository/org/seleniumhq/selenium/selenium-firefox-driver/4.1.3/selenium-firefox-driver-4.1.3.jar:/home/preyas.r@ah.zymrinc.com/.m2/repository/org/seleniumhq/selenium/selenium-ie-driver/4.1.3/selenium-ie-driver-4.1.3.jar:/home/preyas.r@ah.zymrinc.com/.m2/repository/org/seleniumhq/selenium/selenium-opera-driver/4.1.3/selenium-opera-driver-4.1.3.jar:/home/preyas.r@ah.zymrinc.com/.m2/repository/org/seleniumhq/selenium/selenium-remote-driver/4.1.3/selenium-remote-driver-4.1.3.jar:/home/preyas.r@ah.zymrinc.com/.m2/repository/io/netty/netty-buffer/4.1.75.Final/netty-buffer-4.1.75.Final.jar:/home/preyas.r@ah.zymrinc.com/.m2/repository/io/netty/netty-codec-http/4.1.75.Final/netty-codec-http-4.1.75.Final.jar:/home/preyas.r@ah.zymrinc.com/.m2/repository/io/netty/netty-codec/4.1.75.Final/netty-codec-4.1.75.Final.jar:/home/preyas.r@ah.zymrinc.com/.m2/repository/io/netty/netty-handler/4.1.75.Final/netty-handler-4.1.75.Final.jar:/home/preyas.r@ah.zymrinc.com/.m2/repository/io/netty/netty-common/4.1.75.Final/netty-common-4.1.75.Final.jar:/home/preyas.r@ah.zymrinc.com/.m2/repository/io/netty/netty-transport-classes-epoll/4.1.75.Final/netty-transport-classes-epoll-4.1.75.Final.jar:/home/preyas.r@ah.zymrinc.com/.m2/repository/io/netty/netty-transport-classes-kqueue/4.1.75.Final/netty-transport-classes-kqueue-4.1.75.Final.jar:/home/preyas.r@ah.zymrinc.com/.m2/repository/io/netty/netty-transport-native-epoll/4.1.75.Final/netty-transport-native-epoll-4.1.75.Final.jar:/home/preyas.r@ah.zymrinc.com/.m2/repository/io/netty/netty-transport-native-kqueue/4.1.75.Final/netty-transport-native-kqueue-4.1.75.Final.jar:/home/preyas.r@ah.zymrinc.com/.m2/repository/io/netty/netty-transport-native-unix-common/4.1.75.Final/netty-transport-native-unix-common-4.1.75.Final.jar:/home/preyas.r@ah.zymrinc.com/.m2/repository/io/netty/netty-transport/4.1.75.Final/netty-transport-4.1.75.Final.jar:/home/preyas.r@ah.zymrinc.com/.m2/repository/io/netty/netty-resolver/4.1.75.Final/netty-resolver-4.1.75.Final.jar:/home/preyas.r@ah.zymrinc.com/.m2/repository/io/opentelemetry/opentelemetry-api/1.12.0/opentelemetry-api-1.12.0.jar:/home/preyas.r@ah.zymrinc.com/.m2/repository/io/opentelemetry/opentelemetry-context/1.12.0/opentelemetry-context-1.12.0.jar:/home/preyas.r@ah.zymrinc.com/.m2/repository/io/opentelemetry/opentelemetry-exporter-logging/1.12.0/opentelemetry-exporter-logging-1.12.0.jar:/home/preyas.r@ah.zymrinc.com/.m2/repository/io/opentelemetry/opentelemetry-sdk-metrics/1.12.0-alpha/opentelemetry-sdk-metrics-1.12.0-alpha.jar:/home/preyas.r@ah.zymrinc.com/.m2/repository/io/opentelemetry/opentelemetry-sdk-logs/1.12.0-alpha/opentelemetry-sdk-logs-1.12.0-alpha.jar:/home/preyas.r@ah.zymrinc.com/.m2/repository/io/opentelemetry/opentelemetry-sdk-common/1.12.0/opentelemetry-sdk-common-1.12.0.jar:/home/preyas.r@ah.zymrinc.com/.m2/repository/io/opentelemetry/opentelemetry-sdk-extension-autoconfigure-spi/1.12.0/opentelemetry-sdk-extension-autoconfigure-spi-1.12.0.jar:/home/preyas.r@ah.zymrinc.com/.m2/repository/io/opentelemetry/opentelemetry-sdk-extension-autoconfigure/1.12.0-alpha/opentelemetry-sdk-extension-autoconfigure-1.12.0-alpha.jar:/home/preyas.r@ah.zymrinc.com/.m2/repository/io/opentelemetry/opentelemetry-sdk-trace/1.12.0/opentelemetry-sdk-trace-1.12.0.jar:/home/preyas.r@ah.zymrinc.com/.m2/repository/io/opentelemetry/opentelemetry-sdk/1.12.0/opentelemetry-sdk-1.12.0.jar:/home/preyas.r@ah.zymrinc.com/.m2/repository/io/opentelemetry/opentelemetry-semconv/1.12.0-alpha/opentelemetry-semconv-1.12.0-alpha.jar:/home/preyas.r@ah.zymrinc.com/.m2/repository/io/ous/jtoml/2.0.0/jtoml-2.0.0.jar:/home/preyas.r@ah.zymrinc.com/.m2/repository/net/bytebuddy/byte-buddy/1.12.8/byte-buddy-1.12.8.jar:/home/preyas.r@ah.zymrinc.com/.m2/repository/org/apache/commons/commons-exec/1.3/commons-exec-1.3.jar:/home/preyas.r@ah.zymrinc.com/.m2/repository/org/asynchttpclient/async-http-client/2.12.3/async-http-client-2.12.3.jar:/home/preyas.r@ah.zymrinc.com/.m2/repository/org/asynchttpclient/async-http-client-netty-utils/2.12.3/async-http-client-netty-utils-2.12.3.jar:/home/preyas.r@ah.zymrinc.com/.m2/repository/io/netty/netty-codec-socks/4.1.60.Final/netty-codec-socks-4.1.60.Final.jar:/home/preyas.r@ah.zymrinc.com/.m2/repository/io/netty/netty-handler-proxy/4.1.60.Final/netty-handler-proxy-4.1.60.Final.jar:/home/preyas.r@ah.zymrinc.com/.m2/repository/io/netty/netty-transport-native-epoll/4.1.60.Final/netty-transport-native-epoll-4.1.60.Final-linux-x86_64.jar:/home/preyas.r@ah.zymrinc.com/.m2/repository/io/netty/netty-transport-native-kqueue/4.1.60.Final/netty-transport-native-kqueue-4.1.60.Final-osx-x86_64.jar:/home/preyas.r@ah.zymrinc.com/.m2/repository/org/reactivestreams/reactive-streams/1.0.3/reactive-streams-1.0.3.jar:/home/preyas.r@ah.zymrinc.com/.m2/repository/com/typesafe/netty/netty-reactive-streams/2.0.4/netty-reactive-streams-2.0.4.jar:/home/preyas.r@ah.zymrinc.com/.m2/repository/com/sun/activation/jakarta.activation/1.2.2/jakarta.activation-1.2.2.jar:/home/preyas.r@ah.zymrinc.com/.m2/repository/org/seleniumhq/selenium/selenium-http/4.1.3/selenium-http-4.1.3.jar:/home/preyas.r@ah.zymrinc.com/.m2/repository/dev/failsafe/failsafe/3.2.3/failsafe-3.2.3.jar:/home/preyas.r@ah.zymrinc.com/.m2/repository/org/seleniumhq/selenium/selenium-safari-driver/4.1.3/selenium-safari-driver-4.1.3.jar:/home/preyas.r@ah.zymrinc.com/.m2/repository/org/seleniumhq/selenium/selenium-support/4.1.3/selenium-support-4.1.3.jar:/home/preyas.r@ah.zymrinc.com/.m2/repository/io/github/bonigarcia/webdrivermanager/4.4.3/webdrivermanager-4.4.3.jar:/home/preyas.r@ah.zymrinc.com/.m2/repository/commons-io/commons-io/2.8.0/commons-io-2.8.0.jar:/home/preyas.r@ah.zymrinc.com/.m2/repository/com/google/code/gson/gson/2.8.6/gson-2.8.6.jar:/home/preyas.r@ah.zymrinc.com/.m2/repository/org/apache/commons/commons-lang3/3.12.0/commons-lang3-3.12.0.jar:/home/preyas.r@ah.zymrinc.com/.m2/repository/org/apache/httpcomponents/client5/httpclient5/5.0.3/httpclient5-5.0.3.jar:/home/preyas.r@ah.zymrinc.com/.m2/repository/org/apache/httpcomponents/core5/httpcore5/5.0.2/httpcore5-5.0.2.jar:/home/preyas.r@ah.zymrinc.com/.m2/repository/org/apache/httpcomponents/core5/httpcore5-h2/5.0.2/httpcore5-h2-5.0.2.jar:/home/preyas.r@ah.zymrinc.com/.m2/repository/org/rauschig/jarchivelib/1.1.0/jarchivelib-1.1.0.jar:/home/preyas.r@ah.zymrinc.com/.m2/repository/org/jsoup/jsoup/1.13.1/jsoup-1.13.1.jar:/home/preyas.r@ah.zymrinc.com/.m2/repository/org/testng/testng/7.4.0/testng-7.4.0.jar:/home/preyas.r@ah.zymrinc.com/.m2/repository/com/beust/jcommander/1.78/jcommander-1.78.jar:/home/preyas.r@ah.zymrinc.com/.m2/repository/org/webjars/jquery/3.5.1/jquery-3.5.1.jar:/home/preyas.r@ah.zymrinc.com/.m2/repository/io/cucumber/cucumber-testng/7.3.2/cucumber-testng-7.3.2.jar:/home/preyas.r@ah.zymrinc.com/.m2/repository/org/slf4j/slf4j-api/1.7.36/slf4j-api-1.7.36.jar:/home/preyas.r@ah.zymrinc.com/.m2/repository/org/slf4j/slf4j-simple/1.7.36/slf4j-simple-1.7.36.jar:/home/preyas.r@ah.zymrinc.com/.m2/repository/org/apache/poi/poi/4.1.2/poi-4.1.2.jar:/home/preyas.r@ah.zymrinc.com/.m2/repository/commons-codec/commons-codec/1.13/commons-codec-1.13.jar:/home/preyas.r@ah.zymrinc.com/.m2/repository/org/apache/commons/commons-collections4/4.4/commons-collections4-4.4.jar:/home/preyas.r@ah.zymrinc.com/.m2/repository/org/apache/commons/commons-math3/3.6.1/commons-math3-3.6.1.jar:/home/preyas.r@ah.zymrinc.com/.m2/repository/com/zaxxer/SparseBitSet/1.2/SparseBitSet-1.2.jar:/home/preyas.r@ah.zymrinc.com/.m2/repository/org/apache/poi/poi-ooxml/4.1.2/poi-ooxml-4.1.2.jar:/home/preyas.r@ah.zymrinc.com/.m2/repository/org/apache/poi/poi-ooxml-schemas/4.1.2/poi-ooxml-schemas-4.1.2.jar:/home/preyas.r@ah.zymrinc.com/.m2/repository/org/apache/xmlbeans/xmlbeans/3.1.0/xmlbeans-3.1.0.jar:/home/preyas.r@ah.zymrinc.com/.m2/repository/org/apache/commons/commons-compress/1.19/commons-compress-1.19.jar:/home/preyas.r@ah.zymrinc.com/.m2/repository/com/github/virtuald/curvesapi/1.06/curvesapi-1.06.jar:/home/preyas.r@ah.zymrinc.com/.m2/repository/tech/grasshopper/extentreports-cucumber7-adapter/1.2.0/extentreports-cucumber7-adapter-1.2.0.jar:/home/preyas.r@ah.zymrinc.com/.m2/repository/com/aventstack/extentreports/5.0.9/extentreports-5.0.9.jar:/home/preyas.r@ah.zymrinc.com/.m2/repository/io/reactivex/rxjava3/rxjava/3.0.4/rxjava-3.0.4.jar:/home/preyas.r@ah.zymrinc.com/.m2/repository/org/freemarker/freemarker/2.3.30/freemarker-2.3.30.jar:/home/preyas.r@ah.zymrinc.com/.m2/repository/org/projectlombok/lombok/1.18.12/lombok-1.18.12.jar:/home/preyas.r@ah.zymrinc.com/.m2/repository/tech/grasshopper/extent-pdf-report/1.7.4/extent-pdf-report-1.7.4.jar:/home/preyas.r@ah.zymrinc.com/.m2/repository/tech/grasshopper/cucumber-pdf-report/2.2.4/cucumber-pdf-report-2.2.4.jar:/home/preyas.r@ah.zymrinc.com/.m2/repository/org/apache/pdfbox/pdfbox/2.0.22/pdfbox-2.0.22.jar:/home/preyas.r@ah.zymrinc.com/.m2/repository/org/apache/pdfbox/fontbox/2.0.22/fontbox-2.0.22.jar:/home/preyas.r@ah.zymrinc.com/.m2/repository/org/knowm/xchart/xchart/3.8.0/xchart-3.8.0.jar:/home/preyas.r@ah.zymrinc.com/.m2/repository/de/erichseifert/vectorgraphics2d/VectorGraphics2D/0.13/VectorGraphics2D-0.13.jar:/home/preyas.r@ah.zymrinc.com/.m2/repository/de/rototor/pdfbox/graphics2d/0.30/graphics2d-0.30.jar:/home/preyas.r@ah.zymrinc.com/.m2/repository/com/madgag/animated-gif-lib/1.4/animated-gif-lib-1.4.jar:/home/preyas.r@ah.zymrinc.com/.m2/repository/org/yaml/snakeyaml/1.28/snakeyaml-1.28.jar:/home/preyas.r@ah.zymrinc.com/.m2/repository/tech/grasshopper/table-layout/1.2.0/table-layout-1.2.0.jar:/home/preyas.r@ah.zymrinc.com/.m2/repository/com/aventstack/klov-reporter/5.0.9/klov-reporter-5.0.9.jar:/home/preyas.r@ah.zymrinc.com/.m2/repository/org/mongodb/mongodb-driver/3.6.4/mongodb-driver-3.6.4.jar:/home/preyas.r@ah.zymrinc.com/.m2/repository/org/mongodb/mongodb-driver-core/3.6.4/mongodb-driver-core-3.6.4.jar:/home/preyas.r@ah.zymrinc.com/.m2/repository/org/mongodb/bson/3.6.4/bson-3.6.4.jar:/home/preyas.r@ah.zymrinc.com/.m2/repository/org/apache/httpcomponents/httpclient/4.5.13/httpclient-4.5.13.jar:/home/preyas.r@ah.zymrinc.com/.m2/repository/org/apache/httpcomponents/httpcore/4.4.13/httpcore-4.4.13.jar:/home/preyas.r@ah.zymrinc.com/.m2/repository/commons-logging/commons-logging/1.2/commons-logging-1.2.jar:/home/preyas.r@ah.zymrinc.com/.m2/repository/org/apache/httpcomponents/httpmime/4.5.13/httpmime-4.5.13.jar:/home/preyas.r@ah.zymrinc.com/.m2/repository/tech/grasshopper/htmlextentreporter/1.0.0/htmlextentreporter-1.0.0.jar:"/>
    <property name="java.vm.vendor" value="Oracle Corporation"/>
    <property name="sun.arch.data.model" value="64"/>
    <property name="sun.font.fontmanager" value="sun.awt.X11FontManager"/>
    <property name="java.vendor.url" value="http://java.oracle.com/"/>
    <property name="user.timezone" value="Asia/Kolkata"/>
    <property name="java.vm.specification.version" value="1.8"/>
    <property name="os.name" value="Linux"/>
    <property name="user.country" value="IN"/>
    <property name="sun.java.launcher" value="SUN_STANDARD"/>
    <property name="sun.boot.library.path" value="/usr/lib/jvm/java-8-oracle/jre/lib/amd64"/>
    <property name="sun.java.command" value="/home/preyas.r@ah.zymrinc.com/Desktop/preyas/Cucumber_project_TestNG-master/target/surefire/surefirebooter2978690190210280209.jar /home/preyas.r@ah.zymrinc.com/Desktop/preyas/Cucumber_project_TestNG-master/target/surefire 2022-04-29T10-56-49_122-jvmRun1 surefire2728985774194099477tmp surefire_08529088406080057806tmp"/>
    <property name="surefire.test.class.path" value="/home/preyas.r@ah.zymrinc.com/Desktop/preyas/Cucumber_project_TestNG-master/target/test-classes:/home/preyas.r@ah.zymrinc.com/Desktop/preyas/Cucumber_project_TestNG-master/target/classes:/home/preyas.r@ah.zymrinc.com/.m2/repository/io/cucumber/cucumber-java/7.2.3/cucumber-java-7.2.3.jar:/home/preyas.r@ah.zymrinc.com/.m2/repository/io/cucumber/cucumber-core/7.2.3/cucumber-core-7.2.3.jar:/home/preyas.r@ah.zymrinc.com/.m2/repository/io/cucumber/cucumber-gherkin/7.2.3/cucumber-gherkin-7.2.3.jar:/home/preyas.r@ah.zymrinc.com/.m2/repository/io/cucumber/cucumber-gherkin-messages/7.2.3/cucumber-gherkin-messages-7.2.3.jar:/home/preyas.r@ah.zymrinc.com/.m2/repository/io/cucumber/messages/17.1.1/messages-17.1.1.jar:/home/preyas.r@ah.zymrinc.com/.m2/repository/io/cucumber/tag-expressions/4.1.0/tag-expressions-4.1.0.jar:/home/preyas.r@ah.zymrinc.com/.m2/repository/io/cucumber/cucumber-expressions/15.0.1/cucumber-expressions-15.0.1.jar:/home/preyas.r@ah.zymrinc.com/.m2/repository/io/cucumber/datatable/7.2.3/datatable-7.2.3.jar:/home/preyas.r@ah.zymrinc.com/.m2/repository/io/cucumber/cucumber-plugin/7.2.3/cucumber-plugin-7.2.3.jar:/home/preyas.r@ah.zymrinc.com/.m2/repository/io/cucumber/docstring/7.2.3/docstring-7.2.3.jar:/home/preyas.r@ah.zymrinc.com/.m2/repository/io/cucumber/html-formatter/17.0.0/html-formatter-17.0.0.jar:/home/preyas.r@ah.zymrinc.com/.m2/repository/io/cucumber/ci-environment/8.1.0/ci-environment-8.1.0.jar:/home/preyas.r@ah.zymrinc.com/.m2/repository/org/apiguardian/apiguardian-api/1.1.2/apiguardian-api-1.1.2.jar:/home/preyas.r@ah.zymrinc.com/.m2/repository/junit/junit/4.13.2/junit-4.13.2.jar:/home/preyas.r@ah.zymrinc.com/.m2/repository/org/hamcrest/hamcrest-core/1.3/hamcrest-core-1.3.jar:/home/preyas.r@ah.zymrinc.com/.m2/repository/io/cucumber/cucumber-junit/7.2.3/cucumber-junit-7.2.3.jar:/home/preyas.r@ah.zymrinc.com/.m2/repository/org/seleniumhq/selenium/selenium-java/4.1.3/selenium-java-4.1.3.jar:/home/preyas.r@ah.zymrinc.com/.m2/repository/org/seleniumhq/selenium/selenium-api/4.1.3/selenium-api-4.1.3.jar:/home/preyas.r@ah.zymrinc.com/.m2/repository/org/seleniumhq/selenium/selenium-chrome-driver/4.1.3/selenium-chrome-driver-4.1.3.jar:/home/preyas.r@ah.zymrinc.com/.m2/repository/com/google/auto/service/auto-service-annotations/1.0.1/auto-service-annotations-1.0.1.jar:/home/preyas.r@ah.zymrinc.com/.m2/repository/com/google/auto/service/auto-service/1.0.1/auto-service-1.0.1.jar:/home/preyas.r@ah.zymrinc.com/.m2/repository/com/google/auto/auto-common/1.2/auto-common-1.2.jar:/home/preyas.r@ah.zymrinc.com/.m2/repository/com/google/guava/guava/31.1-jre/guava-31.1-jre.jar:/home/preyas.r@ah.zymrinc.com/.m2/repository/com/google/guava/failureaccess/1.0.1/failureaccess-1.0.1.jar:/home/preyas.r@ah.zymrinc.com/.m2/repository/com/google/guava/listenablefuture/9999.0-empty-to-avoid-conflict-with-guava/listenablefuture-9999.0-empty-to-avoid-conflict-with-guava.jar:/home/preyas.r@ah.zymrinc.com/.m2/repository/com/google/code/findbugs/jsr305/3.0.2/jsr305-3.0.2.jar:/home/preyas.r@ah.zymrinc.com/.m2/repository/org/checkerframework/checker-qual/3.12.0/checker-qual-3.12.0.jar:/home/preyas.r@ah.zymrinc.com/.m2/repository/com/google/errorprone/error_prone_annotations/2.11.0/error_prone_annotations-2.11.0.jar:/home/preyas.r@ah.zymrinc.com/.m2/repository/com/google/j2objc/j2objc-annotations/1.3/j2objc-annotations-1.3.jar:/home/preyas.r@ah.zymrinc.com/.m2/repository/org/seleniumhq/selenium/selenium-chromium-driver/4.1.3/selenium-chromium-driver-4.1.3.jar:/home/preyas.r@ah.zymrinc.com/.m2/repository/org/seleniumhq/selenium/selenium-json/4.1.3/selenium-json-4.1.3.jar:/home/preyas.r@ah.zymrinc.com/.m2/repository/org/seleniumhq/selenium/selenium-devtools-v85/4.1.3/selenium-devtools-v85-4.1.3.jar:/home/preyas.r@ah.zymrinc.com/.m2/repository/org/seleniumhq/selenium/selenium-devtools-v97/4.1.3/selenium-devtools-v97-4.1.3.jar:/home/preyas.r@ah.zymrinc.com/.m2/repository/org/seleniumhq/selenium/selenium-devtools-v98/4.1.3/selenium-devtools-v98-4.1.3.jar:/home/preyas.r@ah.zymrinc.com/.m2/repository/org/seleniumhq/selenium/selenium-devtools-v99/4.1.3/selenium-devtools-v99-4.1.3.jar:/home/preyas.r@ah.zymrinc.com/.m2/repository/org/seleniumhq/selenium/selenium-edge-driver/4.1.3/selenium-edge-driver-4.1.3.jar:/home/preyas.r@ah.zymrinc.com/.m2/repository/org/seleniumhq/selenium/selenium-firefox-driver/4.1.3/selenium-firefox-driver-4.1.3.jar:/home/preyas.r@ah.zymrinc.com/.m2/repository/org/seleniumhq/selenium/selenium-ie-driver/4.1.3/selenium-ie-driver-4.1.3.jar:/home/preyas.r@ah.zymrinc.com/.m2/repository/org/seleniumhq/selenium/selenium-opera-driver/4.1.3/selenium-opera-driver-4.1.3.jar:/home/preyas.r@ah.zymrinc.com/.m2/repository/org/seleniumhq/selenium/selenium-remote-driver/4.1.3/selenium-remote-driver-4.1.3.jar:/home/preyas.r@ah.zymrinc.com/.m2/repository/io/netty/netty-buffer/4.1.75.Final/netty-buffer-4.1.75.Final.jar:/home/preyas.r@ah.zymrinc.com/.m2/repository/io/netty/netty-codec-http/4.1.75.Final/netty-codec-http-4.1.75.Final.jar:/home/preyas.r@ah.zymrinc.com/.m2/repository/io/netty/netty-codec/4.1.75.Final/netty-codec-4.1.75.Final.jar:/home/preyas.r@ah.zymrinc.com/.m2/repository/io/netty/netty-handler/4.1.75.Final/netty-handler-4.1.75.Final.jar:/home/preyas.r@ah.zymrinc.com/.m2/repository/io/netty/netty-common/4.1.75.Final/netty-common-4.1.75.Final.jar:/home/preyas.r@ah.zymrinc.com/.m2/repository/io/netty/netty-transport-classes-epoll/4.1.75.Final/netty-transport-classes-epoll-4.1.75.Final.jar:/home/preyas.r@ah.zymrinc.com/.m2/repository/io/netty/netty-transport-classes-kqueue/4.1.75.Final/netty-transport-classes-kqueue-4.1.75.Final.jar:/home/preyas.r@ah.zymrinc.com/.m2/repository/io/netty/netty-transport-native-epoll/4.1.75.Final/netty-transport-native-epoll-4.1.75.Final.jar:/home/preyas.r@ah.zymrinc.com/.m2/repository/io/netty/netty-transport-native-kqueue/4.1.75.Final/netty-transport-native-kqueue-4.1.75.Final.jar:/home/preyas.r@ah.zymrinc.com/.m2/repository/io/netty/netty-transport-native-unix-common/4.1.75.Final/netty-transport-native-unix-common-4.1.75.Final.jar:/home/preyas.r@ah.zymrinc.com/.m2/repository/io/netty/netty-transport/4.1.75.Final/netty-transport-4.1.75.Final.jar:/home/preyas.r@ah.zymrinc.com/.m2/repository/io/netty/netty-resolver/4.1.75.Final/netty-resolver-4.1.75.Final.jar:/home/preyas.r@ah.zymrinc.com/.m2/repository/io/opentelemetry/opentelemetry-api/1.12.0/opentelemetry-api-1.12.0.jar:/home/preyas.r@ah.zymrinc.com/.m2/repository/io/opentelemetry/opentelemetry-context/1.12.0/opentelemetry-context-1.12.0.jar:/home/preyas.r@ah.zymrinc.com/.m2/repository/io/opentelemetry/opentelemetry-exporter-logging/1.12.0/opentelemetry-exporter-logging-1.12.0.jar:/home/preyas.r@ah.zymrinc.com/.m2/repository/io/opentelemetry/opentelemetry-sdk-metrics/1.12.0-alpha/opentelemetry-sdk-metrics-1.12.0-alpha.jar:/home/preyas.r@ah.zymrinc.com/.m2/repository/io/opentelemetry/opentelemetry-sdk-logs/1.12.0-alpha/opentelemetry-sdk-logs-1.12.0-alpha.jar:/home/preyas.r@ah.zymrinc.com/.m2/repository/io/opentelemetry/opentelemetry-sdk-common/1.12.0/opentelemetry-sdk-common-1.12.0.jar:/home/preyas.r@ah.zymrinc.com/.m2/repository/io/opentelemetry/opentelemetry-sdk-extension-autoconfigure-spi/1.12.0/opentelemetry-sdk-extension-autoconfigure-spi-1.12.0.jar:/home/preyas.r@ah.zymrinc.com/.m2/repository/io/opentelemetry/opentelemetry-sdk-extension-autoconfigure/1.12.0-alpha/opentelemetry-sdk-extension-autoconfigure-1.12.0-alpha.jar:/home/preyas.r@ah.zymrinc.com/.m2/repository/io/opentelemetry/opentelemetry-sdk-trace/1.12.0/opentelemetry-sdk-trace-1.12.0.jar:/home/preyas.r@ah.zymrinc.com/.m2/repository/io/opentelemetry/opentelemetry-sdk/1.12.0/opentelemetry-sdk-1.12.0.jar:/home/preyas.r@ah.zymrinc.com/.m2/repository/io/opentelemetry/opentelemetry-semconv/1.12.0-alpha/opentelemetry-semconv-1.12.0-alpha.jar:/home/preyas.r@ah.zymrinc.com/.m2/repository/io/ous/jtoml/2.0.0/jtoml-2.0.0.jar:/home/preyas.r@ah.zymrinc.com/.m2/repository/net/bytebuddy/byte-buddy/1.12.8/byte-buddy-1.12.8.jar:/home/preyas.r@ah.zymrinc.com/.m2/repository/org/apache/commons/commons-exec/1.3/commons-exec-1.3.jar:/home/preyas.r@ah.zymrinc.com/.m2/repository/org/asynchttpclient/async-http-client/2.12.3/async-http-client-2.12.3.jar:/home/preyas.r@ah.zymrinc.com/.m2/repository/org/asynchttpclient/async-http-client-netty-utils/2.12.3/async-http-client-netty-utils-2.12.3.jar:/home/preyas.r@ah.zymrinc.com/.m2/repository/io/netty/netty-codec-socks/4.1.60.Final/netty-codec-socks-4.1.60.Final.jar:/home/preyas.r@ah.zymrinc.com/.m2/repository/io/netty/netty-handler-proxy/4.1.60.Final/netty-handler-proxy-4.1.60.Final.jar:/home/preyas.r@ah.zymrinc.com/.m2/repository/io/netty/netty-transport-native-epoll/4.1.60.Final/netty-transport-native-epoll-4.1.60.Final-linux-x86_64.jar:/home/preyas.r@ah.zymrinc.com/.m2/repository/io/netty/netty-transport-native-kqueue/4.1.60.Final/netty-transport-native-kqueue-4.1.60.Final-osx-x86_64.jar:/home/preyas.r@ah.zymrinc.com/.m2/repository/org/reactivestreams/reactive-streams/1.0.3/reactive-streams-1.0.3.jar:/home/preyas.r@ah.zymrinc.com/.m2/repository/com/typesafe/netty/netty-reactive-streams/2.0.4/netty-reactive-streams-2.0.4.jar:/home/preyas.r@ah.zymrinc.com/.m2/repository/com/sun/activation/jakarta.activation/1.2.2/jakarta.activation-1.2.2.jar:/home/preyas.r@ah.zymrinc.com/.m2/repository/org/seleniumhq/selenium/selenium-http/4.1.3/selenium-http-4.1.3.jar:/home/preyas.r@ah.zymrinc.com/.m2/repository/dev/failsafe/failsafe/3.2.3/failsafe-3.2.3.jar:/home/preyas.r@ah.zymrinc.com/.m2/repository/org/seleniumhq/selenium/selenium-safari-driver/4.1.3/selenium-safari-driver-4.1.3.jar:/home/preyas.r@ah.zymrinc.com/.m2/repository/org/seleniumhq/selenium/selenium-support/4.1.3/selenium-support-4.1.3.jar:/home/preyas.r@ah.zymrinc.com/.m2/repository/io/github/bonigarcia/webdrivermanager/4.4.3/webdrivermanager-4.4.3.jar:/home/preyas.r@ah.zymrinc.com/.m2/repository/commons-io/commons-io/2.8.0/commons-io-2.8.0.jar:/home/preyas.r@ah.zymrinc.com/.m2/repository/com/google/code/gson/gson/2.8.6/gson-2.8.6.jar:/home/preyas.r@ah.zymrinc.com/.m2/repository/org/apache/commons/commons-lang3/3.12.0/commons-lang3-3.12.0.jar:/home/preyas.r@ah.zymrinc.com/.m2/repository/org/apache/httpcomponents/client5/httpclient5/5.0.3/httpclient5-5.0.3.jar:/home/preyas.r@ah.zymrinc.com/.m2/repository/org/apache/httpcomponents/core5/httpcore5/5.0.2/httpcore5-5.0.2.jar:/home/preyas.r@ah.zymrinc.com/.m2/repository/org/apache/httpcomponents/core5/httpcore5-h2/5.0.2/httpcore5-h2-5.0.2.jar:/home/preyas.r@ah.zymrinc.com/.m2/repository/org/rauschig/jarchivelib/1.1.0/jarchivelib-1.1.0.jar:/home/preyas.r@ah.zymrinc.com/.m2/repository/org/jsoup/jsoup/1.13.1/jsoup-1.13.1.jar:/home/preyas.r@ah.zymrinc.com/.m2/repository/org/testng/testng/7.4.0/testng-7.4.0.jar:/home/preyas.r@ah.zymrinc.com/.m2/repository/com/beust/jcommander/1.78/jcommander-1.78.jar:/home/preyas.r@ah.zymrinc.com/.m2/repository/org/webjars/jquery/3.5.1/jquery-3.5.1.jar:/home/preyas.r@ah.zymrinc.com/.m2/repository/io/cucumber/cucumber-testng/7.3.2/cucumber-testng-7.3.2.jar:/home/preyas.r@ah.zymrinc.com/.m2/repository/org/slf4j/slf4j-api/1.7.36/slf4j-api-1.7.36.jar:/home/preyas.r@ah.zymrinc.com/.m2/repository/org/slf4j/slf4j-simple/1.7.36/slf4j-simple-1.7.36.jar:/home/preyas.r@ah.zymrinc.com/.m2/repository/org/apache/poi/poi/4.1.2/poi-4.1.2.jar:/home/preyas.r@ah.zymrinc.com/.m2/repository/commons-codec/commons-codec/1.13/commons-codec-1.13.jar:/home/preyas.r@ah.zymrinc.com/.m2/repository/org/apache/commons/commons-collections4/4.4/commons-collections4-4.4.jar:/home/preyas.r@ah.zymrinc.com/.m2/repository/org/apache/commons/commons-math3/3.6.1/commons-math3-3.6.1.jar:/home/preyas.r@ah.zymrinc.com/.m2/repository/com/zaxxer/SparseBitSet/1.2/SparseBitSet-1.2.jar:/home/preyas.r@ah.zymrinc.com/.m2/repository/org/apache/poi/poi-ooxml/4.1.2/poi-ooxml-4.1.2.jar:/home/preyas.r@ah.zymrinc.com/.m2/repository/org/apache/poi/poi-ooxml-schemas/4.1.2/poi-ooxml-schemas-4.1.2.jar:/home/preyas.r@ah.zymrinc.com/.m2/repository/org/apache/xmlbeans/xmlbeans/3.1.0/xmlbeans-3.1.0.jar:/home/preyas.r@ah.zymrinc.com/.m2/repository/org/apache/commons/commons-compress/1.19/commons-compress-1.19.jar:/home/preyas.r@ah.zymrinc.com/.m2/repository/com/github/virtuald/curvesapi/1.06/curvesapi-1.06.jar:/home/preyas.r@ah.zymrinc.com/.m2/repository/tech/grasshopper/extentreports-cucumber7-adapter/1.2.0/extentreports-cucumber7-adapter-1.2.0.jar:/home/preyas.r@ah.zymrinc.com/.m2/repository/com/aventstack/extentreports/5.0.9/extentreports-5.0.9.jar:/home/preyas.r@ah.zymrinc.com/.m2/repository/io/reactivex/rxjava3/rxjava/3.0.4/rxjava-3.0.4.jar:/home/preyas.r@ah.zymrinc.com/.m2/repository/org/freemarker/freemarker/2.3.30/freemarker-2.3.30.jar:/home/preyas.r@ah.zymrinc.com/.m2/repository/org/projectlombok/lombok/1.18.12/lombok-1.18.12.jar:/home/preyas.r@ah.zymrinc.com/.m2/repository/tech/grasshopper/extent-pdf-report/1.7.4/extent-pdf-report-1.7.4.jar:/home/preyas.r@ah.zymrinc.com/.m2/repository/tech/grasshopper/cucumber-pdf-report/2.2.4/cucumber-pdf-report-2.2.4.jar:/home/preyas.r@ah.zymrinc.com/.m2/repository/org/apache/pdfbox/pdfbox/2.0.22/pdfbox-2.0.22.jar:/home/preyas.r@ah.zymrinc.com/.m2/repository/org/apache/pdfbox/fontbox/2.0.22/fontbox-2.0.22.jar:/home/preyas.r@ah.zymrinc.com/.m2/repository/org/knowm/xchart/xchart/3.8.0/xchart-3.8.0.jar:/home/preyas.r@ah.zymrinc.com/.m2/repository/de/erichseifert/vectorgraphics2d/VectorGraphics2D/0.13/VectorGraphics2D-0.13.jar:/home/preyas.r@ah.zymrinc.com/.m2/repository/de/rototor/pdfbox/graphics2d/0.30/graphics2d-0.30.jar:/home/preyas.r@ah.zymrinc.com/.m2/repository/com/madgag/animated-gif-lib/1.4/animated-gif-lib-1.4.jar:/home/preyas.r@ah.zymrinc.com/.m2/repository/org/yaml/snakeyaml/1.28/snakeyaml-1.28.jar:/home/preyas.r@ah.zymrinc.com/.m2/repository/tech/grasshopper/table-layout/1.2.0/table-layout-1.2.0.jar:/home/preyas.r@ah.zymrinc.com/.m2/repository/com/aventstack/klov-reporter/5.0.9/klov-reporter-5.0.9.jar:/home/preyas.r@ah.zymrinc.com/.m2/repository/org/mongodb/mongodb-driver/3.6.4/mongodb-driver-3.6.4.jar:/home/preyas.r@ah.zymrinc.com/.m2/repository/org/mongodb/mongodb-driver-core/3.6.4/mongodb-driver-core-3.6.4.jar:/home/preyas.r@ah.zymrinc.com/.m2/repository/org/mongodb/bson/3.6.4/bson-3.6.4.jar:/home/preyas.r@ah.zymrinc.com/.m2/repository/org/apache/httpcomponents/httpclient/4.5.13/httpclient-4.5.13.jar:/home/preyas.r@ah.zymrinc.com/.m2/repository/org/apache/httpcomponents/httpcore/4.4.13/httpcore-4.4.13.jar:/home/preyas.r@ah.zymrinc.com/.m2/repository/commons-logging/commons-logging/1.2/commons-logging-1.2.jar:/home/preyas.r@ah.zymrinc.com/.m2/repository/org/apache/httpcomponents/httpmime/4.5.13/httpmime-4.5.13.jar:/home/preyas.r@ah.zymrinc.com/.m2/repository/tech/grasshopper/htmlextentreporter/1.0.0/htmlextentreporter-1.0.0.jar:"/>
    <property name="sun.cpu.endian" value="little"/>
    <property name="user.home" value="/home/preyas.r@ah.zymrinc.com"/>
    <property name="user.language" value="en"/>
    <property name="java.specification.vendor" value="Oracle Corporation"/>
    <property name="java.home" value="/usr/lib/jvm/java-8-oracle/jre"/>
    <property name="basedir" value="/home/preyas.r@ah.zymrinc.com/Desktop/preyas/Cucumber_project_TestNG-master"/>
    <property name="file.separator" value="/"/>
    <property name="line.separator" value="&#10;"/>
    <property name="java.vm.specification.vendor" value="Oracle Corporation"/>
    <property name="java.specification.name" value="Java Platform API Specification"/>
    <property name="java.awt.graphicsenv" value="sun.awt.X11GraphicsEnvironment"/>
    <property name="surefire.real.class.path" value="/home/preyas.r@ah.zymrinc.com/Desktop/preyas/Cucumber_project_TestNG-master/target/surefire/surefirebooter2978690190210280209.jar"/>
    <property name="sun.boot.class.path" value="/usr/lib/jvm/java-8-oracle/jre/lib/resources.jar:/usr/lib/jvm/java-8-oracle/jre/lib/rt.jar:/usr/lib/jvm/java-8-oracle/jre/lib/sunrsasign.jar:/usr/lib/jvm/java-8-oracle/jre/lib/jsse.jar:/usr/lib/jvm/java-8-oracle/jre/lib/jce.jar:/usr/lib/jvm/java-8-oracle/jre/lib/charsets.jar:/usr/lib/jvm/java-8-oracle/jre/lib/jfr.jar:/usr/lib/jvm/java-8-oracle/jre/classes"/>
    <property name="sun.management.compiler" value="HotSpot 64-Bit Tiered Compilers"/>
    <property name="java.runtime.version" value="1.8.0_212-b10"/>
    <property name="user.name" value="preyas.r@ah.zymrinc.com"/>
    <property name="path.separator" value=":"/>
    <property name="os.version" value="5.13.0-40-generic"/>
    <property name="java.endorsed.dirs" value="/usr/lib/jvm/java-8-oracle/jre/lib/endorsed"/>
    <property name="java.runtime.name" value="Java(TM) SE Runtime Environment"/>
    <property name="file.encoding" value="UTF-8"/>
    <property name="java.vm.name" value="Java HotSpot(TM) 64-Bit Server VM"/>
    <property name="localRepository" value="/home/preyas.r@ah.zymrinc.com/.m2/repository"/>
    <property name="java.vendor.url.bug" value="http://bugreport.sun.com/bugreport/"/>
    <property name="java.io.tmpdir" value="/tmp"/>
    <property name="java.version" value="1.8.0_212"/>
    <property name="user.dir" value="/home/preyas.r@ah.zymrinc.com/Desktop/preyas/Cucumber_project_TestNG-master"/>
    <property name="os.arch" value="amd64"/>
    <property name="java.vm.specification.name" value="Java Virtual Machine Specification"/>
    <property name="java.awt.printerjob" value="sun.print.PSPrinterJob"/>
    <property name="sun.os.patch.level" value="unknown"/>
    <property name="java.library.path" value="/usr/java/packages/lib/amd64:/usr/lib64:/lib64:/lib:/usr/lib"/>
    <property name="java.vm.info" value="mixed mode"/>
    <property name="java.vendor" value="Oracle Corporation"/>
    <property name="java.vm.version" value="25.212-b10"/>
    <property name="java.ext.dirs" value="/usr/lib/jvm/java-8-oracle/jre/lib/ext:/usr/java/packages/lib/ext"/>
    <property name="sun.io.unicode.encoding" value="UnicodeLittle"/>
    <property name="java.class.version" value="52.0"/>
  </properties>
  <testcase name="runScenario[&quot;check login is successfully with valid credentails&quot;, &quot;feature to login test functionality&quot;](1)" classname="Runners.Login_TestRunner" time="40.663">
    <system-out><![CDATA[
@feature @smoketest
Scenario: check login is successfully with valid credentails # src/test/resources/Features/login/001.login.feature:8
browser value is: chrome
==========  Register Page Functionality =============
Inside Steps - user is on Home Page
  Given user is on Home Page                                 # StepDefinition.RegisterSteps.user_is_on_home_page()
Inside Steps - user click on Myaccount link
ChromeDriver: chrome on LINUX (fc75a81f9dbedd30f41787bce87b0f88)
  When user click on Myaccount link                          # StepDefinition.RegisterSteps.user_click_on_myaccount_link()
Inside Steps - user navigate to Register Page
My Account – Automation Practice Site
  Then user navigate to Register Page                        # StepDefinition.RegisterSteps.user_navigate_to_Register_Page()
Inside Steps - user has enter emailid & password
WIKVFONQEA@gmail.com wbKW98&^
  When user has enter "<emailid>" & "<password>"             # StepDefinition.LoginSteps.user_has_enter_emailid_password(java.lang.String,java.lang.String)
Inside Steps - click on login button
  And click on login button                                  # StepDefinition.LoginSteps.click_on_login_button()
Inside Steps - user navigate to myaccount page
true
Signout link shows
  Then user navigate to myaccount page                       # StepDefinition.RegisterSteps.user_navigate_to_myaccount_page()
]]></system-out>
    <system-err><![CDATA[Starting ChromeDriver 100.0.4896.60 (6a5d10861ce8de5fce22564658033b43cb7de047-refs/branch-heads/4896@{#875}) on port 38192
Only local connections are allowed.
Please see https://chromedriver.chromium.org/security-considerations for suggestions on keeping ChromeDriver safe.
ChromeDriver was started successfully.
[1651210011.906][WARNING]: This version of ChromeDriver has not been tested with Chrome version 101.
Apr 29, 2022 10:56:52 AM org.openqa.selenium.remote.ProtocolHandshake createSession
INFO: Detected dialect: W3C
Apr 29, 2022 10:56:52 AM org.openqa.selenium.devtools.CdpVersionFinder findNearestMatch
WARNING: Unable to find an exact match for CDP version 101, so returning the closest version found: 99
Apr 29, 2022 10:56:52 AM org.openqa.selenium.devtools.CdpVersionFinder findNearestMatch
INFO: Found CDP implementation for version 101 of 99
]]></system-err>
  </testcase>
  <testcase name="runScenario[&quot;Update my account page related info&quot;, &quot;feature to My account Page on Account Details functionality&quot;](1)" classname="Runners.MyAccount_Runner" time="45.033">
    <system-out><![CDATA[
@MyAccount_AccountDetail_feature @smoketest
Scenario Outline: Update my account page related info # src/test/resources/Features/myaccount/001.myaccount.accdetails.feature:31
browser value is: chrome
==========  Register Page Functionality =============
Inside Steps - user is on Home Page
  Given user is on Home Page                          # StepDefinition.RegisterSteps.user_is_on_home_page()
Inside Steps - user click on Myaccount link
ChromeDriver: chrome on LINUX (b2106769ebfb91145be7acf521b3d103)
  When user click on Myaccount link                   # StepDefinition.RegisterSteps.user_click_on_myaccount_link()
Inside Steps - user navigate to Register Page
My Account – Automation Practice Site
  Then user navigate to Register Page                 # StepDefinition.RegisterSteps.user_navigate_to_Register_Page()
Inside Steps - user has enter emailid & password
WIKVFONQEA@gmail.com wbKW98&^
  When user has enter "<emailid>" & "<password>"      # StepDefinition.LoginSteps.user_has_enter_emailid_password(java.lang.String,java.lang.String)
Inside Steps - click on login button
  And click on login button                           # StepDefinition.LoginSteps.click_on_login_button()
Inside Steps - user navigate to myaccount page
true
Signout link shows
  Then user navigate to myaccount page                # StepDefinition.RegisterSteps.user_navigate_to_myaccount_page()
Inside Steps - click on Accountdetail link
My Account – Automation Practice Site
  And click on Accountdetail link                     # StepDefinition.MyAccountsteps.click_on_Accountdetail_link()
Inside Steps - user has enter firstname & lastname
  When user has entered profiledata "Preyas" & "Rana" # StepDefinition.MyAccountsteps.user_has_entered_profiledata_firstname_lastname(java.lang.String,java.lang.String)
Inside Steps - click on savechanges button
Account details changed successfully.
  And click on savechanges button                     # StepDefinition.MyAccountsteps.click_on_savechanges_button()
]]></system-out>
    <system-err><![CDATA[Apr 29, 2022 10:57:32 AM tech.grasshopper.pdf.PDFCucumberReport collectReportConfiguration
INFO: PDF report configuration YAML file not found. Using default settings.
┌──────────────────────────────────────────────────────────────────────────┐
│ View your Cucumber Report at:                                            │
│ https://reports.cucumber.io/reports/3d1ae51d-b80b-4bc6-a484-639085441659 │
│                                                                          │
│ This report will self-destruct in 24h.                                   │
│ Keep reports forever: https://reports.cucumber.io/profile                │
└──────────────────────────────────────────────────────────────────────────┘Starting ChromeDriver 100.0.4896.60 (6a5d10861ce8de5fce22564658033b43cb7de047-refs/branch-heads/4896@{#875}) on port 55454
Only local connections are allowed.
Please see https://chromedriver.chromium.org/security-considerations for suggestions on keeping ChromeDriver safe.
ChromeDriver was started successfully.
[1651210056.222][WARNING]: This version of ChromeDriver has not been tested with Chrome version 101.
Apr 29, 2022 10:57:37 AM org.openqa.selenium.remote.ProtocolHandshake createSession
INFO: Detected dialect: W3C
Apr 29, 2022 10:57:37 AM org.openqa.selenium.devtools.CdpVersionFinder findNearestMatch
WARNING: Unable to find an exact match for CDP version 101, so returning the closest version found: 99
Apr 29, 2022 10:57:37 AM org.openqa.selenium.devtools.CdpVersionFinder findNearestMatch
INFO: Found CDP implementation for version 101 of 99
]]></system-err>
  </testcase>
  <testcase name="runScenario[&quot;Verify My account page for billing address functionality&quot;, &quot;feature to My account Page on Address(billing/shipping) functionality&quot;](2)" classname="Runners.MyAccount_Runner" time="45.828">
    <system-out><![CDATA[
@MyAccount_Address_feature @smoketest
Scenario: Verify My account page for billing address functionality # src/test/resources/Features/myaccount/002.myaccount.address.feature:8
browser value is: chrome
==========  Register Page Functionality =============
Inside Steps - user is on Home Page
  Given user is on Home Page                                       # StepDefinition.RegisterSteps.user_is_on_home_page()
Inside Steps - user click on Myaccount link
ChromeDriver: chrome on LINUX (ab379efa4d9cc8805a5cfd56320fd06b)
  When user click on Myaccount link                                # StepDefinition.RegisterSteps.user_click_on_myaccount_link()
Inside Steps - user navigate to Register Page
My Account – Automation Practice Site
  Then user navigate to Register Page                              # StepDefinition.RegisterSteps.user_navigate_to_Register_Page()
Inside Steps - user has enter emailid & password
WIKVFONQEA@gmail.com wbKW98&^
  When user has enter "<emailid>" & "<password>"                   # StepDefinition.LoginSteps.user_has_enter_emailid_password(java.lang.String,java.lang.String)
Inside Steps - click on login button
  And click on login button                                        # StepDefinition.LoginSteps.click_on_login_button()
Inside Steps - user navigate to myaccount page
true
Signout link shows
  Then user navigate to myaccount page                             # StepDefinition.RegisterSteps.user_navigate_to_myaccount_page()
Inside Steps - click on Address link
My Account – Automation Practice Site
The following addresses will be used on the checkout page by default.
  And click on Address link                                        # StepDefinition.MyAccountsteps.click_on_Address_link()
]]></system-out>
    <system-err><![CDATA[Starting ChromeDriver 100.0.4896.60 (6a5d10861ce8de5fce22564658033b43cb7de047-refs/branch-heads/4896@{#875}) on port 55147
Only local connections are allowed.
Please see https://chromedriver.chromium.org/security-considerations for suggestions on keeping ChromeDriver safe.
ChromeDriver was started successfully.
[1651210101.284][WARNING]: This version of ChromeDriver has not been tested with Chrome version 101.
Apr 29, 2022 10:58:22 AM org.openqa.selenium.remote.ProtocolHandshake createSession
INFO: Detected dialect: W3C
Apr 29, 2022 10:58:22 AM org.openqa.selenium.devtools.CdpVersionFinder findNearestMatch
WARNING: Unable to find an exact match for CDP version 101, so returning the closest version found: 99
Apr 29, 2022 10:58:22 AM org.openqa.selenium.devtools.CdpVersionFinder findNearestMatch
INFO: Found CDP implementation for version 101 of 99
]]></system-err>
  </testcase>
  <testcase name="runScenario[&quot;Verify billing &amp; Shipping address Edit(navigation) click functionality&quot;, &quot;feature to My account Page on Address(billing/shipping) functionality&quot;](3)" classname="Runners.MyAccount_Runner" time="60.404">
    <system-out><![CDATA[
@MyAccount_Address_feature @smoketest
Scenario: Verify billing & Shipping address Edit(navigation) click functionality # src/test/resources/Features/myaccount/002.myaccount.address.feature:18
browser value is: chrome
==========  Register Page Functionality =============
Inside Steps - user is on Home Page
  Given user is on Home Page                                                     # StepDefinition.RegisterSteps.user_is_on_home_page()
Inside Steps - user click on Myaccount link
ChromeDriver: chrome on LINUX (7be5a9e404adce6d168128268dd8d5c2)
  When user click on Myaccount link                                              # StepDefinition.RegisterSteps.user_click_on_myaccount_link()
Inside Steps - user navigate to Register Page
My Account – Automation Practice Site
  Then user navigate to Register Page                                            # StepDefinition.RegisterSteps.user_navigate_to_Register_Page()
Inside Steps - user has enter emailid & password
WIKVFONQEA@gmail.com wbKW98&^
  When user has enter "<emailid>" & "<password>"                                 # StepDefinition.LoginSteps.user_has_enter_emailid_password(java.lang.String,java.lang.String)
Inside Steps - click on login button
  And click on login button                                                      # StepDefinition.LoginSteps.click_on_login_button()
Inside Steps - user navigate to myaccount page
true
Signout link shows
  Then user navigate to myaccount page                                           # StepDefinition.RegisterSteps.user_navigate_to_myaccount_page()
Inside Steps - click on Address link
My Account – Automation Practice Site
The following addresses will be used on the checkout page by default.
  And click on Address link                                                      # StepDefinition.MyAccountsteps.click_on_Address_link()
Inside Steps - click on billing edit link
Billing Address
  And click on billing edit link                                                 # StepDefinition.MyAccountsteps.click_on_billing_edit_link()
Inside Steps - user click on browser back button
The following addresses will be used on the checkout page by default.
  Then user click on browser back button                                         # StepDefinition.MyAccountsteps.user_click_on_browser_back_button()
Inside Steps - user click on shipping edit link
Shipping Address
  And user click on shipping edit link                                           # StepDefinition.MyAccountsteps.user_click_on_shipping_edit_link()
Inside Steps - click on Address link
My Account – Automation Practice Site
The following addresses will be used on the checkout page by default.
  And click on Address link                                                      # StepDefinition.MyAccountsteps.click_on_Address_link()
]]></system-out>
    <system-err><![CDATA[Starting ChromeDriver 100.0.4896.60 (6a5d10861ce8de5fce22564658033b43cb7de047-refs/branch-heads/4896@{#875}) on port 43106
Only local connections are allowed.
Please see https://chromedriver.chromium.org/security-considerations for suggestions on keeping ChromeDriver safe.
ChromeDriver was started successfully.
[1651210147.063][WARNING]: This version of ChromeDriver has not been tested with Chrome version 101.
Apr 29, 2022 10:59:08 AM org.openqa.selenium.remote.ProtocolHandshake createSession
INFO: Detected dialect: W3C
Apr 29, 2022 10:59:08 AM org.openqa.selenium.devtools.CdpVersionFinder findNearestMatch
WARNING: Unable to find an exact match for CDP version 101, so returning the closest version found: 99
Apr 29, 2022 10:59:08 AM org.openqa.selenium.devtools.CdpVersionFinder findNearestMatch
INFO: Found CDP implementation for version 101 of 99
]]></system-err>
  </testcase>
  <testcase name="runScenario[&quot;Verify billing address on by default country functionality&quot;, &quot;feature to My account Page on Address(billing/shipping) functionality&quot;](4)" classname="Runners.MyAccount_Runner" time="45.351">
    <system-out><![CDATA[
@MyAccount_Address_feature @smoketest
Scenario: Verify billing address on by default country functionality # src/test/resources/Features/myaccount/002.myaccount.address.feature:32
browser value is: chrome
==========  Register Page Functionality =============
Inside Steps - user is on Home Page
  Given user is on Home Page                                         # StepDefinition.RegisterSteps.user_is_on_home_page()
Inside Steps - user click on Myaccount link
ChromeDriver: chrome on LINUX (5ef9cc28573ba72743e106989207799e)
  When user click on Myaccount link                                  # StepDefinition.RegisterSteps.user_click_on_myaccount_link()
Inside Steps - user navigate to Register Page
My Account – Automation Practice Site
  Then user navigate to Register Page                                # StepDefinition.RegisterSteps.user_navigate_to_Register_Page()
Inside Steps - user has enter emailid & password
WIKVFONQEA@gmail.com wbKW98&^
  When user has enter "<emailid>" & "<password>"                     # StepDefinition.LoginSteps.user_has_enter_emailid_password(java.lang.String,java.lang.String)
Inside Steps - click on login button
  And click on login button                                          # StepDefinition.LoginSteps.click_on_login_button()
Inside Steps - user navigate to myaccount page
true
Signout link shows
  Then user navigate to myaccount page                               # StepDefinition.RegisterSteps.user_navigate_to_myaccount_page()
Inside Steps - click on Address link
My Account – Automation Practice Site
The following addresses will be used on the checkout page by default.
  And click on Address link                                          # StepDefinition.MyAccountsteps.click_on_Address_link()
Inside Steps - click on billing edit link
Billing Address
  And click on billing edit link                                     # StepDefinition.MyAccountsteps.click_on_billing_edit_link()
Inside Steps - by default country show as India
India
  Then by default country show as India                              # StepDefinition.MyAccountsteps.by_default_country_show_as_India()
]]></system-out>
    <system-err><![CDATA[Starting ChromeDriver 100.0.4896.60 (6a5d10861ce8de5fce22564658033b43cb7de047-refs/branch-heads/4896@{#875}) on port 51902
Only local connections are allowed.
Please see https://chromedriver.chromium.org/security-considerations for suggestions on keeping ChromeDriver safe.
ChromeDriver was started successfully.
[1651210207.480][WARNING]: This version of ChromeDriver has not been tested with Chrome version 101.
Apr 29, 2022 11:00:08 AM org.openqa.selenium.remote.ProtocolHandshake createSession
INFO: Detected dialect: W3C
Apr 29, 2022 11:00:08 AM org.openqa.selenium.devtools.CdpVersionFinder findNearestMatch
WARNING: Unable to find an exact match for CDP version 101, so returning the closest version found: 99
Apr 29, 2022 11:00:08 AM org.openqa.selenium.devtools.CdpVersionFinder findNearestMatch
INFO: Found CDP implementation for version 101 of 99
]]></system-err>
  </testcase>
  <testcase name="runScenario[&quot;Verify country dropdown functionality&quot;, &quot;feature to My account Page on Address(billing/shipping) functionality&quot;](5)" classname="Runners.MyAccount_Runner" time="55.143">
    <system-out><![CDATA[
@MyAccount_Address_feature @smoketest
Scenario Outline: Verify country dropdown functionality             # src/test/resources/Features/myaccount/002.myaccount.address.feature:59
browser value is: chrome
==========  Register Page Functionality =============
Inside Steps - user is on Home Page
  Given user is on Home Page                                        # StepDefinition.RegisterSteps.user_is_on_home_page()
Inside Steps - user click on Myaccount link
ChromeDriver: chrome on LINUX (e2adab77f0852276260db76f28d1a49f)
  When user click on Myaccount link                                 # StepDefinition.RegisterSteps.user_click_on_myaccount_link()
Inside Steps - user navigate to Register Page
My Account – Automation Practice Site
  Then user navigate to Register Page                               # StepDefinition.RegisterSteps.user_navigate_to_Register_Page()
Inside Steps - user has enter emailid & password
WIKVFONQEA@gmail.com wbKW98&^
  When user has enter "<emailid>" & "<password>"                    # StepDefinition.LoginSteps.user_has_enter_emailid_password(java.lang.String,java.lang.String)
Inside Steps - click on login button
  And click on login button                                         # StepDefinition.LoginSteps.click_on_login_button()
Inside Steps - user navigate to myaccount page
true
Signout link shows
  Then user navigate to myaccount page                              # StepDefinition.RegisterSteps.user_navigate_to_myaccount_page()
Inside Steps - click on Address link
My Account – Automation Practice Site
The following addresses will be used on the checkout page by default.
  And click on Address link                                         # StepDefinition.MyAccountsteps.click_on_Address_link()
Inside Steps - click on billing edit link
Billing Address
  And click on billing edit link                                    # StepDefinition.MyAccountsteps.click_on_billing_edit_link()
Inside Steps - click on country dropdown
  Then click on country dropdown                                    # StepDefinition.MyAccountsteps.click_on_country_dropdown()
Inside Steps - user_enter_countryname_in_country_serachpanel Verify fetch country list
[Azerbaijan, Djibouti, Fiji, Jamaica, Japan, Jersey, Jordan, Svalbard and Jan Mayen, Tajikistan]
Actualresult[Azerbaijan, Djibouti, Fiji, Jamaica, Japan, Jersey, Jordan, Svalbard and Jan Mayen, Tajikistan]
Azerbaijan
Country value not matched :: Azerbaijan
Djibouti
Country value not matched :: Djibouti
Fiji
Country value not matched :: Fiji
Jamaica
Country value not matched :: Jamaica
Japan
Country Value matched :: Japan
Jersey
Country value not matched :: Jersey
Jordan
Country value not matched :: Jordan
Svalbard and Jan Mayen
Country value not matched :: Svalbard and Jan Mayen
Tajikistan
Country value not matched :: Tajikistan
  And user enter j in country searchpanel Verify fetch country list # StepDefinition.MyAccountsteps.user_enter_countryname_in_country_searchpanel_Verify_fetch_country_list(java.lang.String)
]]></system-out>
    <system-err><![CDATA[Starting ChromeDriver 100.0.4896.60 (6a5d10861ce8de5fce22564658033b43cb7de047-refs/branch-heads/4896@{#875}) on port 46125
Only local connections are allowed.
Please see https://chromedriver.chromium.org/security-considerations for suggestions on keeping ChromeDriver safe.
ChromeDriver was started successfully.
[1651210252.876][WARNING]: This version of ChromeDriver has not been tested with Chrome version 101.
Apr 29, 2022 11:00:53 AM org.openqa.selenium.remote.ProtocolHandshake createSession
INFO: Detected dialect: W3C
Apr 29, 2022 11:00:53 AM org.openqa.selenium.devtools.CdpVersionFinder findNearestMatch
WARNING: Unable to find an exact match for CDP version 101, so returning the closest version found: 99
Apr 29, 2022 11:00:53 AM org.openqa.selenium.devtools.CdpVersionFinder findNearestMatch
INFO: Found CDP implementation for version 101 of 99
]]></system-err>
  </testcase>
</testsuite>