<?xml version="1.0" encoding="UTF-8"?>
<!-- Generated by org.testng.reporters.JUnitReportReporter -->
<testsuite skipped="0" hostname="preyas-r" name="Runners.MyAccount_Runner" tests="5" failures="0" timestamp="2022-04-28T19:48:26 IST" time="256.209" errors="0">
  <testcase name="runScenario" time="56.695" classname="Runners.MyAccount_Runner"/>
  <system-out/>
  <testcase name="runScenario" time="56.244" classname="Runners.MyAccount_Runner"/>
  <system-out/>
  <testcase name="runScenario" time="38.642" classname="Runners.MyAccount_Runner"/>
  <system-out/>
  <testcase name="runScenario" time="52.929" classname="Runners.MyAccount_Runner"/>
  <system-out/>
  <testcase name="runScenario" time="51.699" classname="Runners.MyAccount_Runner"/>
  <system-out/>
</testsuite> <!-- Runners.MyAccount_Runner -->
