<?xml version="1.0" encoding="UTF-8"?>
<!-- Generated by org.testng.reporters.JUnitReportReporter -->
<testsuite skipped="0" hostname="preyas-r" name="API_Tests.GetandPost_Examples" tests="1" failures="0" timestamp="2022-05-17T12:03:27 IST" time="2.140" errors="0">
  <testcase name="testpost" time="2.140" classname="API_Tests.GetandPost_Examples"/>
  <system-out/>
</testsuite> <!-- API_Tests.GetandPost_Examples -->
