<?xml version="1.0" encoding="UTF-8"?>
<!-- Generated by org.testng.reporters.JUnitReportReporter -->
<testsuite skipped="0" hostname="preyas-r" name="Runners.Login_TestRunner" tests="3" failures="0" timestamp="2022-04-28T19:48:26 IST" time="103.424" errors="0">
  <testcase name="runScenario" time="34.412" classname="Runners.Login_TestRunner"/>
  <system-out/>
  <testcase name="runScenario" time="32.404" classname="Runners.Login_TestRunner"/>
  <system-out/>
  <testcase name="runScenario" time="36.608" classname="Runners.Login_TestRunner"/>
  <system-out/>
</testsuite> <!-- Runners.Login_TestRunner -->
