<?xml version="1.0" encoding="UTF-8"?>
<!-- Generated by org.testng.reporters.JUnitReportReporter -->
<testsuite skipped="0" hostname="preyas-r" name="API_Tests.Restassured" tests="1" failures="0" timestamp="2022-05-26T14:54:57 IST" time="2.315" errors="0">
  <testcase name="getUserData" time="2.315" classname="API_Tests.Restassured"/>
  <system-out/>
</testsuite> <!-- API_Tests.Restassured -->
