<?xml version="1.0" encoding="UTF-8"?>
<!-- Generated by org.testng.reporters.JUnitReportReporter -->
<testsuite skipped="0" hostname="preyas-r" name="Runners.Learning_runner" tests="2" failures="0" timestamp="2022-05-27T18:01:59 IST" time="56.454" errors="0">
  <testcase name="runScenario" time="32.555" classname="Runners.Learning_runner"/>
  <system-out/>
  <testcase name="runScenario" time="23.899" classname="Runners.Learning_runner"/>
  <system-out/>
</testsuite> <!-- Runners.Learning_runner -->
