<?xml version="1.0" encoding="UTF-8"?>
<!-- Generated by org.testng.reporters.JUnitReportReporter -->
<testsuite skipped="0" hostname="preyas-r" name="Runners.Learning_runner" tests="1" failures="0" timestamp="2022-05-25T14:48:20 IST" time="53.117" errors="0">
  <testcase name="runScenario" time="53.117" classname="Runners.Learning_runner"/>
  <system-out/>
</testsuite> <!-- Runners.Learning_runner -->
