<?xml version="1.0" encoding="UTF-8"?>
<!-- Generated by org.testng.reporters.JUnitReportReporter -->
<testsuite skipped="0" hostname="preyas-r" name="Runners.Learning_runner" tests="1" failures="0" timestamp="2022-05-17T11:14:53 IST" time="41.504" errors="0">
  <testcase name="runScenario" time="41.504" classname="Runners.Learning_runner"/>
  <system-out/>
</testsuite> <!-- Runners.Learning_runner -->
