<?xml version="1.0" encoding="UTF-8"?>
<!-- Generated by org.testng.reporters.JUnitReportReporter -->
<testsuite skipped="0" hostname="preyas-r" name="Runners.Shop_Testrunner" tests="2" failures="0" timestamp="2022-05-12T13:03:20 IST" time="52.370" errors="0">
  <testcase name="runScenario" time="28.310" classname="Runners.Shop_Testrunner"/>
  <system-out/>
  <testcase name="runScenario" time="24.060" classname="Runners.Shop_Testrunner"/>
  <system-out/>
</testsuite> <!-- Runners.Shop_Testrunner -->
