<?xml version="1.0" encoding="UTF-8"?>
<!-- Generated by org.testng.reporters.JUnitReportReporter -->
<testsuite skipped="0" hostname="preyas-r" name="API_Tests.PutPatchDelete" tests="3" failures="0" timestamp="2022-05-17T14:23:24 IST" time="3.329" errors="0">
  <testcase name="testdelete" time="2.031" classname="API_Tests.PutPatchDelete"/>
  <system-out/>
  <testcase name="testpatch" time="0.524" classname="API_Tests.PutPatchDelete"/>
  <system-out/>
  <testcase name="testput" time="0.774" classname="API_Tests.PutPatchDelete"/>
  <system-out/>
</testsuite> <!-- API_Tests.PutPatchDelete -->
