<?xml version="1.0" encoding="UTF-8"?>
<!-- Generated by org.testng.reporters.JUnitReportReporter -->
<testsuite skipped="0" hostname="preyas-r" name="Runners.Learning_runner" tests="1" failures="0" timestamp="2022-05-16T15:01:17 IST" time="39.915" errors="0">
  <testcase name="runScenario" time="39.915" classname="Runners.Learning_runner"/>
  <system-out/>
</testsuite> <!-- Runners.Learning_runner -->
