<?xml version="1.0" encoding="UTF-8"?>
<!-- Generated by org.testng.reporters.JUnitReportReporter -->
<testsuite skipped="0" hostname="preyas-r" name="Runners.Shop_Testrunner" tests="1" failures="0" timestamp="2022-05-13T13:07:26 IST" time="39.512" errors="0">
  <testcase name="runScenario" time="39.512" classname="Runners.Shop_Testrunner"/>
  <system-out/>
</testsuite> <!-- Runners.Shop_Testrunner -->
