<?xml version="1.0" encoding="UTF-8"?>
<!-- Generated by org.testng.reporters.JUnitReportReporter -->
<testsuite skipped="0" hostname="preyas-r" name="Runners.Register_TestRunner" tests="1" failures="0" timestamp="2022-04-27T15:08:15 IST" time="66.225" errors="0">
  <testcase name="runScenario" time="66.225" classname="Runners.Register_TestRunner"/>
  <system-out/>
</testsuite> <!-- Runners.Register_TestRunner -->
