<?xml version="1.0" encoding="UTF-8"?>
<!-- Generated by org.testng.reporters.JUnitReportReporter -->
<testsuite skipped="0" hostname="preyas-r" name="Runners.MyAccount_Runner" tests="2" failures="0" timestamp="2022-05-02T13:25:08 IST" time="98.310" errors="0">
  <testcase name="runScenario" time="39.559" classname="Runners.MyAccount_Runner"/>
  <system-out/>
  <testcase name="runScenario" time="58.751" classname="Runners.MyAccount_Runner"/>
  <system-out/>
</testsuite> <!-- Runners.MyAccount_Runner -->
