<?xml version="1.0" encoding="UTF-8"?>
<!-- Generated by org.testng.reporters.JUnitReportReporter -->
<testsuite skipped="0" hostname="preyas-r" name="Runners.Learning_Registerrunner" tests="1" failures="0" timestamp="2022-05-13T18:58:22 IST" time="28.427" errors="0">
  <testcase name="runScenario" time="28.427" classname="Runners.Learning_Registerrunner"/>
  <system-out/>
</testsuite> <!-- Runners.Learning_Registerrunner -->
