<?xml version="1.0" encoding="UTF-8"?>
<!-- Generated by org.testng.reporters.JUnitReportReporter -->
<testsuite skipped="0" hostname="preyas-r" name="Runners.Learning_runner" tests="1" failures="0" timestamp="2022-05-16T12:15:39 IST" time="24.547" errors="0">
  <testcase name="runScenario" time="24.547" classname="Runners.Learning_runner"/>
  <system-out/>
</testsuite> <!-- Runners.Learning_runner -->
