<?xml version="1.0" encoding="UTF-8"?>
<!-- Generated by org.testng.reporters.JUnitReportReporter -->
<testsuite skipped="0" hostname="preyas-r" name="API_Tests.testExample" tests="2" failures="0" timestamp="2022-05-17T10:58:25 IST" time="2.324" errors="0">
  <testcase name="gettest1" time="1.420" classname="API_Tests.testExample"/>
  <system-out/>
  <testcase name="gettest2" time="0.904" classname="API_Tests.testExample"/>
  <system-out/>
</testsuite> <!-- API_Tests.testExample -->
