<?xml version="1.0" encoding="UTF-8"?>
<!-- Generated by org.testng.reporters.JUnitReportReporter -->
<testsuite skipped="0" hostname="preyas-r" name="API_Tests.ComplexJson" tests="1" failures="0" timestamp="2022-05-30T16:05:41 IST" time="2.069" errors="0">
  <testcase name="auth3" time="2.069" classname="API_Tests.ComplexJson"/>
  <system-out/>
</testsuite> <!-- API_Tests.ComplexJson -->
