<?xml version="1.0" encoding="UTF-8"?>
<!-- Generated by org.testng.reporters.JUnitReportReporter -->
<testsuite skipped="0" hostname="preyas-r" name="Auth2.Serialize" tests="1" failures="0" timestamp="2022-06-08T15:59:24 IST" time="2.626" errors="0">
  <testcase name="serialzed" time="2.626" classname="Auth2.Serialize"/>
  <system-out/>
</testsuite> <!-- Auth2.Serialize -->
