<?xml version="1.0" encoding="UTF-8"?>
<!-- Generated by org.testng.reporters.JUnitReportReporter -->
<testsuite skipped="0" hostname="preyas-r" name="API_Tests.ComplexJson" tests="1" failures="0" timestamp="2022-05-30T11:23:33 IST" time="1.334" errors="0">
  <testcase name="sumprices" time="1.334" classname="API_Tests.ComplexJson"/>
  <system-out/>
</testsuite> <!-- API_Tests.ComplexJson -->
