<?xml version="1.0" encoding="UTF-8"?>
<!-- Generated by org.testng.reporters.JUnitReportReporter -->
<testsuite skipped="0" hostname="preyas-r" name="Auth2.Auth_2" tests="1" failures="0" timestamp="2022-06-08T14:41:57 IST" time="18.640" errors="0">
  <testcase name="Auth" time="18.640" classname="Auth2.Auth_2"/>
  <system-out/>
</testsuite> <!-- Auth2.Auth_2 -->
