<?xml version="1.0" encoding="UTF-8"?>
<!-- Generated by org.testng.reporters.JUnitReportReporter -->
<testsuite skipped="0" hostname="preyas-r" name="Runners.Learning_Registerrunner" tests="1" failures="0" timestamp="2022-05-13T16:53:05 IST" time="27.272" errors="0">
  <testcase name="runScenario" time="27.272" classname="Runners.Learning_Registerrunner"/>
  <system-out/>
</testsuite> <!-- Runners.Learning_Registerrunner -->
