<?xml version="1.0" encoding="UTF-8"?>
<!-- Generated by org.testng.reporters.JUnitReportReporter -->
<testsuite skipped="0" hostname="preyas-r" name="Runners.Upload_testrunner" tests="1" failures="0" timestamp="2022-05-12T11:08:44 IST" time="16.242" errors="0">
  <testcase name="runScenario" time="16.242" classname="Runners.Upload_testrunner"/>
  <system-out/>
</testsuite> <!-- Runners.Upload_testrunner -->
