<?xml version="1.0" encoding="UTF-8"?>
<!-- Generated by org.testng.reporters.JUnitReportReporter -->
<testsuite skipped="0" hostname="preyas-r" name="API_Tests.testExample" tests="1" failures="0" timestamp="2022-05-17T09:56:41 IST" time="1.536" errors="0">
  <testcase name="getname" time="1.536" classname="API_Tests.testExample"/>
  <system-out/>
</testsuite> <!-- API_Tests.testExample -->
