<?xml version="1.0" encoding="UTF-8"?>
<!-- Generated by org.testng.reporters.JUnitReportReporter -->
<testsuite skipped="0" hostname="preyas-r" name="Runners.MyAccount_Runner" tests="2" failures="0" timestamp="2022-05-03T11:49:08 IST" time="102.028" errors="0">
  <testcase name="runScenario" time="58.210" classname="Runners.MyAccount_Runner"/>
  <system-out/>
  <testcase name="runScenario" time="43.818" classname="Runners.MyAccount_Runner"/>
  <system-out/>
</testsuite> <!-- Runners.MyAccount_Runner -->
