<?xml version="1.0" encoding="UTF-8"?>
<!-- Generated by org.testng.reporters.JUnitReportReporter -->
<testsuite skipped="0" hostname="preyas-r" name="Runners.Learning_Registerrunner" tests="1" failures="0" timestamp="2022-05-16T11:09:36 IST" time="41.001" errors="0">
  <testcase name="runScenario" time="41.001" classname="Runners.Learning_Registerrunner"/>
  <system-out/>
</testsuite> <!-- Runners.Learning_Registerrunner -->
