<?xml version="1.0" encoding="UTF-8"?>
<!-- Generated by org.testng.reporters.JUnitReportReporter -->
<testsuite skipped="0" hostname="preyas-r" name="Runners.FailedRun" tests="1" failures="0" timestamp="2022-05-02T10:43:22 IST" time="50.086" errors="0">
  <testcase name="runScenario" time="50.086" classname="Runners.FailedRun"/>
  <system-out/>
</testsuite> <!-- Runners.FailedRun -->
