<?xml version="1.0" encoding="UTF-8"?>
<!-- Generated by org.testng.reporters.JUnitReportReporter -->
<testsuite skipped="0" hostname="preyas-r" name="API_Tests.Restassured" tests="1" failures="0" timestamp="2022-05-26T12:56:06 IST" time="3.298" errors="0">
  <testcase name="queryparam" time="3.298" classname="API_Tests.Restassured"/>
  <system-out/>
</testsuite> <!-- API_Tests.Restassured -->
