<?xml version="1.0" encoding="UTF-8"?>
<!-- Generated by org.testng.reporters.JUnitReportReporter -->
<testsuite skipped="0" hostname="preyas-r" name="Runners.Shop_Testrunner" tests="1" failures="0" timestamp="2022-05-13T14:22:34 IST" time="61.005" errors="0">
  <testcase name="runScenario" time="61.005" classname="Runners.Shop_Testrunner"/>
  <system-out/>
</testsuite> <!-- Runners.Shop_Testrunner -->
