<?xml version="1.0" encoding="UTF-8"?>
<!-- Generated by org.testng.reporters.JUnitReportReporter -->
<testsuite skipped="0" hostname="preyas-r" name="API_Tests.testExample" tests="3" failures="0" timestamp="2022-05-17T15:21:56 IST" time="3.881" errors="0">
  <testcase name="gettest1" time="0.237" classname="API_Tests.testExample"/>
  <system-out/>
  <testcase name="getdata" time="3.316" classname="API_Tests.testExample"/>
  <system-out/>
  <testcase name="gettest2" time="0.328" classname="API_Tests.testExample"/>
  <system-out/>
</testsuite> <!-- API_Tests.testExample -->
