<?xml version="1.0" encoding="UTF-8"?>
<!-- Generated by org.testng.reporters.JUnitReportReporter -->
<testsuite skipped="0" hostname="preyas-r" name="API_Tests.Auth_2" tests="1" failures="0" timestamp="2022-06-08T12:05:43 IST" time="15.155" errors="0">
  <testcase name="Auth" time="15.155" classname="API_Tests.Auth_2"/>
  <system-out/>
</testsuite> <!-- API_Tests.Auth_2 -->
