<?xml version="1.0" encoding="UTF-8"?>
<!-- Generated by org.testng.reporters.JUnitReportReporter -->
<testsuite skipped="0" hostname="preyas-r" name="Runners.Shop_Testrunner" tests="1" failures="0" timestamp="2022-05-12T18:12:27 IST" time="28.024" errors="0">
  <testcase name="runScenario" time="28.024" classname="Runners.Shop_Testrunner"/>
  <system-out/>
</testsuite> <!-- Runners.Shop_Testrunner -->
