<?xml version="1.0" encoding="UTF-8"?>
<!-- Generated by org.testng.reporters.JUnitReportReporter -->
<testsuite skipped="0" hostname="preyas-r" name="Auth2.SpecBuilder" tests="1" failures="0" timestamp="2022-06-08T17:00:11 IST" time="2.430" errors="0">
  <testcase name="serialzed" time="2.430" classname="Auth2.SpecBuilder"/>
  <system-out/>
</testsuite> <!-- Auth2.SpecBuilder -->
