<?xml version="1.0" encoding="UTF-8"?>
<!-- Generated by org.testng.reporters.JUnitReportReporter -->
<testsuite skipped="0" hostname="preyas-r" name="API_Tests.Restassured" tests="1" failures="0" timestamp="2022-05-27T17:26:20 IST" time="3.461" errors="0">
  <testcase name="RSA_post" time="3.461" classname="API_Tests.Restassured"/>
  <system-out/>
</testsuite> <!-- API_Tests.Restassured -->
