<?xml version="1.0" encoding="UTF-8"?>
<!-- Generated by org.testng.reporters.JUnitReportReporter -->
<testsuite skipped="0" hostname="preyas-r" name="Runners.Login_TestRunner" tests="1" failures="0" timestamp="2022-04-29T11:01:51 IST" time="40.550" errors="0">
  <testcase name="runScenario" time="40.550" classname="Runners.Login_TestRunner"/>
  <system-out/>
</testsuite> <!-- Runners.Login_TestRunner -->
