<?xml version="1.0" encoding="UTF-8"?>
<!-- Generated by org.testng.reporters.JUnitReportReporter -->
<testsuite skipped="0" hostname="preyas-r" name="Runners.MyAccount_Runner" tests="5" failures="0" timestamp="2022-04-29T11:01:51 IST" time="251.749" errors="0">
  <testcase name="runScenario" time="45.361" classname="Runners.MyAccount_Runner"/>
  <system-out/>
  <testcase name="runScenario" time="45.016" classname="Runners.MyAccount_Runner"/>
  <system-out/>
  <testcase name="runScenario" time="45.797" classname="Runners.MyAccount_Runner"/>
  <system-out/>
  <testcase name="runScenario" time="55.139" classname="Runners.MyAccount_Runner"/>
  <system-out/>
  <testcase name="runScenario" time="60.436" classname="Runners.MyAccount_Runner"/>
  <system-out/>
</testsuite> <!-- Runners.MyAccount_Runner -->
